<?xml version="1.0" encoding="UTF-8"?>
<testsuite name="GameTest" tests="2" skipped="0" failures="0" errors="0" timestamp="2021-04-07T17:04:31" hostname="PIKACHU-PC" time="0.116">
  <properties/>
  <testcase name="inputValidation()" classname="GameTest" time="0.103"/>
  <testcase name="judge()" classname="GameTest" time="0.005"/>
  <system-out><![CDATA[]]></system-out>
  <system-err><![CDATA[]]></system-err>
</testsuite>
